e:\opensource\live555\livemedia\livemediavs\debug\livemediavs.pdb
e:\opensource\live555\livemedia\livemediavs\debug\livemediavs.idb
e:\opensource\live555\livemedia\livemediavs\debug\bytestreamfilesource.obj
e:\opensource\live555\livemedia\livemediavs\debug\bitvector.obj
e:\opensource\live555\livemedia\livemediavs\debug\basicudpsource.obj
e:\opensource\live555\livemedia\livemediavs\debug\basicudpsink.obj
e:\opensource\live555\livemedia\livemediavs\debug\base64.obj
e:\opensource\live555\livemedia\livemediavs\debug\avifilesink.obj
e:\opensource\live555\livemedia\livemediavs\debug\audiortpsink.obj
e:\opensource\live555\livemedia\livemediavs\debug\audioinputdevice.obj
e:\opensource\live555\livemedia\livemediavs\debug\amraudiosource.obj
e:\opensource\live555\livemedia\livemediavs\debug\amraudiortpsource.obj
e:\opensource\live555\livemedia\livemediavs\debug\amraudiortpsink.obj
e:\opensource\live555\livemedia\livemediavs\debug\amraudiofilesource.obj
e:\opensource\live555\livemedia\livemediavs\debug\amraudiofilesink.obj
e:\opensource\live555\livemedia\livemediavs\debug\amraudiofileservermediasubsession.obj
e:\opensource\live555\livemedia\livemediavs\debug\adtsaudiofilesource.obj
e:\opensource\live555\livemedia\livemediavs\debug\adtsaudiofileservermediasubsession.obj
e:\opensource\live555\livemedia\livemediavs\debug\ac3audiostreamframer.obj
e:\opensource\live555\livemedia\livemediavs\debug\ac3audiortpsource.obj
e:\opensource\live555\livemedia\livemediavs\debug\ac3audiortpsink.obj
e:\opensource\live555\livemedia\livemediavs\debug\ac3audiofileservermediasubsession.obj
e:\opensource\live555\livemedia\livemediavs\debug\h263plusvideortpsource.obj
e:\opensource\live555\livemedia\livemediavs\debug\h263plusvideortpsink.obj
e:\opensource\live555\livemedia\livemediavs\debug\h263plusvideofileservermediasubsession.obj
e:\opensource\live555\livemedia\livemediavs\debug\h261videortpsource.obj
e:\opensource\live555\livemedia\livemediavs\debug\gsmaudiortpsink.obj
e:\opensource\live555\livemedia\livemediavs\debug\genericmediaserver.obj
e:\opensource\live555\livemedia\livemediavs\debug\framedsource.obj
e:\opensource\live555\livemedia\livemediavs\debug\framedfilter.obj
e:\opensource\live555\livemedia\livemediavs\debug\framedfilesource.obj
e:\opensource\live555\livemedia\livemediavs\debug\filesink.obj
e:\opensource\live555\livemedia\livemediavs\debug\fileservermediasubsession.obj
e:\opensource\live555\livemedia\livemediavs\debug\ebmlnumber.obj
e:\opensource\live555\livemedia\livemediavs\debug\dvvideostreamframer.obj
e:\opensource\live555\livemedia\livemediavs\debug\dvvideortpsource.obj
e:\opensource\live555\livemedia\livemediavs\debug\dvvideortpsink.obj
e:\opensource\live555\livemedia\livemediavs\debug\dvvideofileservermediasubsession.obj
e:\opensource\live555\livemedia\livemediavs\debug\digestauthentication.obj
e:\opensource\live555\livemedia\livemediavs\debug\devicesource.obj
e:\opensource\live555\livemedia\livemediavs\debug\bytestreammultifilesource.obj
e:\opensource\live555\livemedia\livemediavs\debug\bytestreammemorybuffersource.obj
e:\opensource\live555\livemedia\livemediavs\debug\jpegvideortpsink.obj
e:\opensource\live555\livemedia\livemediavs\debug\inputfile.obj
e:\opensource\live555\livemedia\livemediavs\debug\h265videostreamframer.obj
e:\opensource\live555\livemedia\livemediavs\debug\h265videostreamdiscreteframer.obj
e:\opensource\live555\livemedia\livemediavs\debug\h265videortpsource.obj
e:\opensource\live555\livemedia\livemediavs\debug\h265videortpsink.obj
e:\opensource\live555\livemedia\livemediavs\debug\h265videofilesink.obj
e:\opensource\live555\livemedia\livemediavs\debug\h265videofileservermediasubsession.obj
e:\opensource\live555\livemedia\livemediavs\debug\h264videostreamframer.obj
e:\opensource\live555\livemedia\livemediavs\debug\h264videostreamdiscreteframer.obj
e:\opensource\live555\livemedia\livemediavs\debug\h264videortpsource.obj
e:\opensource\live555\livemedia\livemediavs\debug\h264videortpsink.obj
e:\opensource\live555\livemedia\livemediavs\debug\h264videofilesink.obj
e:\opensource\live555\livemedia\livemediavs\debug\h264videofileservermediasubsession.obj
e:\opensource\live555\livemedia\livemediavs\debug\h264or5videostreamframer.obj
e:\opensource\live555\livemedia\livemediavs\debug\h264or5videostreamdiscreteframer.obj
e:\opensource\live555\livemedia\livemediavs\debug\h264or5videortpsink.obj
e:\opensource\live555\livemedia\livemediavs\debug\h264or5videofilesink.obj
e:\opensource\live555\livemedia\livemediavs\debug\h263plusvideostreamparser.obj
e:\opensource\live555\livemedia\livemediavs\debug\h263plusvideostreamframer.obj
e:\opensource\live555\livemedia\livemediavs\debug\mp3audiomatroskafileservermediasubsession.obj
e:\opensource\live555\livemedia\livemediavs\debug\mp3audiofileservermediasubsession.obj
e:\opensource\live555\livemedia\livemediavs\debug\mp3adutranscoder.obj
e:\opensource\live555\livemedia\livemediavs\debug\mp3adurtpsource.obj
e:\opensource\live555\livemedia\livemediavs\debug\mp3adurtpsink.obj
e:\opensource\live555\livemedia\livemediavs\debug\mp3aduinterleaving.obj
e:\opensource\live555\livemedia\livemediavs\debug\mp3adudescriptor.obj
e:\opensource\live555\livemedia\livemediavs\debug\mp3adu.obj
e:\opensource\live555\livemedia\livemediavs\debug\mediasource.obj
e:\opensource\live555\livemedia\livemediavs\debug\mediasink.obj
e:\opensource\live555\livemedia\livemediavs\debug\mediasession.obj
e:\opensource\live555\livemedia\livemediavs\debug\media.obj
e:\opensource\live555\livemedia\livemediavs\debug\matroskafileservermediasubsession.obj
e:\opensource\live555\livemedia\livemediavs\debug\matroskafileserverdemux.obj
e:\opensource\live555\livemedia\livemediavs\debug\matroskafileparser.obj
e:\opensource\live555\livemedia\livemediavs\debug\matroskafile.obj
e:\opensource\live555\livemedia\livemediavs\debug\matroskademuxedtrack.obj
e:\opensource\live555\livemedia\livemediavs\debug\locale.obj
e:\opensource\live555\livemedia\livemediavs\debug\jpegvideosource.obj
e:\opensource\live555\livemedia\livemediavs\debug\jpegvideortpsource.obj
e:\opensource\live555\livemedia\livemediavs\debug\mpeg2transportfileservermediasubsession.obj
e:\opensource\live555\livemedia\livemediavs\debug\mpeg2indexfromtransportstream.obj
e:\opensource\live555\livemedia\livemediavs\debug\mpeg1or2videostreamframer.obj
e:\opensource\live555\livemedia\livemediavs\debug\mpeg1or2videostreamdiscreteframer.obj
e:\opensource\live555\livemedia\livemediavs\debug\mpeg1or2videortpsource.obj
e:\opensource\live555\livemedia\livemediavs\debug\mpeg1or2videortpsink.obj
e:\opensource\live555\livemedia\livemediavs\debug\mpeg1or2videofileservermediasubsession.obj
e:\opensource\live555\livemedia\livemediavs\debug\mpeg1or2fileserverdemux.obj
e:\opensource\live555\livemedia\livemediavs\debug\mpeg1or2demuxedservermediasubsession.obj
e:\opensource\live555\livemedia\livemediavs\debug\mpeg1or2demuxedelementarystream.obj
e:\opensource\live555\livemedia\livemediavs\debug\mpeg1or2demux.obj
e:\opensource\live555\livemedia\livemediavs\debug\mpeg1or2audiostreamframer.obj
e:\opensource\live555\livemedia\livemediavs\debug\mpeg1or2audiortpsource.obj
e:\opensource\live555\livemedia\livemediavs\debug\mpeg1or2audiortpsink.obj
e:\opensource\live555\livemedia\livemediavs\debug\mp3transcoder.obj
e:\opensource\live555\livemedia\livemediavs\debug\mp3streamstate.obj
e:\opensource\live555\livemedia\livemediavs\debug\mp3internalshuffmantable.obj
e:\opensource\live555\livemedia\livemediavs\debug\mp3internalshuffman.obj
e:\opensource\live555\livemedia\livemediavs\debug\mp3internals.obj
e:\opensource\live555\livemedia\livemediavs\debug\mp3filesource.obj
e:\opensource\live555\livemedia\livemediavs\debug\multiframedrtpsink.obj
e:\opensource\live555\livemedia\livemediavs\debug\mpegvideostreamparser.obj
e:\opensource\live555\livemedia\livemediavs\debug\mpegvideostreamframer.obj
e:\opensource\live555\livemedia\livemediavs\debug\mpeg4videostreamframer.obj
e:\opensource\live555\livemedia\livemediavs\debug\mpeg4videostreamdiscreteframer.obj
e:\opensource\live555\livemedia\livemediavs\debug\mpeg4videofileservermediasubsession.obj
e:\opensource\live555\livemedia\livemediavs\debug\mpeg4latmaudiortpsource.obj
e:\opensource\live555\livemedia\livemediavs\debug\mpeg4latmaudiortpsink.obj
e:\opensource\live555\livemedia\livemediavs\debug\mpeg4genericrtpsource.obj
e:\opensource\live555\livemedia\livemediavs\debug\mpeg4genericrtpsink.obj
e:\opensource\live555\livemedia\livemediavs\debug\mpeg4esvideortpsource.obj
e:\opensource\live555\livemedia\livemediavs\debug\mpeg4esvideortpsink.obj
e:\opensource\live555\livemedia\livemediavs\debug\mpeg2transportudpservermediasubsession.obj
e:\opensource\live555\livemedia\livemediavs\debug\mpeg2transportstreamtrickmodefilter.obj
e:\opensource\live555\livemedia\livemediavs\debug\mpeg2transportstreammultiplexor.obj
e:\opensource\live555\livemedia\livemediavs\debug\mpeg2transportstreamindexfile.obj
e:\opensource\live555\livemedia\livemediavs\debug\mpeg2transportstreamfrompessource.obj
e:\opensource\live555\livemedia\livemediavs\debug\mpeg2transportstreamfromessource.obj
e:\opensource\live555\livemedia\livemediavs\debug\mpeg2transportstreamframer.obj
e:\opensource\live555\livemedia\livemediavs\debug\mpeg2transportstreamaccumulator.obj
e:\opensource\live555\livemedia\livemediavs\debug\rtpsink.obj
e:\opensource\live555\livemedia\livemediavs\debug\rtpinterface.obj
e:\opensource\live555\livemedia\livemediavs\debug\rtcp.obj
e:\opensource\live555\livemedia\livemediavs\debug\rawvideortpsource.obj
e:\opensource\live555\livemedia\livemediavs\debug\rawvideortpsink.obj
e:\opensource\live555\livemedia\livemediavs\debug\quicktimegenericrtpsource.obj
e:\opensource\live555\livemedia\livemediavs\debug\quicktimefilesink.obj
e:\opensource\live555\livemedia\livemediavs\debug\qcelpaudiortpsource.obj
e:\opensource\live555\livemedia\livemediavs\debug\proxyservermediasession.obj
e:\opensource\live555\livemedia\livemediavs\debug\passiveservermediasubsession.obj
e:\opensource\live555\livemedia\livemediavs\debug\outputfile.obj
e:\opensource\live555\livemedia\livemediavs\debug\ourmd5.obj
e:\opensource\live555\livemedia\livemediavs\debug\ondemandservermediasubsession.obj
e:\opensource\live555\livemedia\livemediavs\debug\oggfilesink.obj
e:\opensource\live555\livemedia\livemediavs\debug\oggfileservermediasubsession.obj
e:\opensource\live555\livemedia\livemediavs\debug\oggfileserverdemux.obj
e:\opensource\live555\livemedia\livemediavs\debug\oggfileparser.obj
e:\opensource\live555\livemedia\livemediavs\debug\oggfile.obj
e:\opensource\live555\livemedia\livemediavs\debug\oggdemuxedtrack.obj
e:\opensource\live555\livemedia\livemediavs\debug\multiframedrtpsource.obj
e:\opensource\live555\livemedia\livemediavs\debug\videortpsink.obj
e:\opensource\live555\livemedia\livemediavs\debug\ulawaudiofilter.obj
e:\opensource\live555\livemedia\livemediavs\debug\theoravideortpsource.obj
e:\opensource\live555\livemedia\livemediavs\debug\theoravideortpsink.obj
e:\opensource\live555\livemedia\livemediavs\debug\textrtpsink.obj
e:\opensource\live555\livemedia\livemediavs\debug\tcpstreamsink.obj
e:\opensource\live555\livemedia\livemediavs\debug\t140textrtpsink.obj
e:\opensource\live555\livemedia\livemediavs\debug\streamreplicator.obj
e:\opensource\live555\livemedia\livemediavs\debug\streamparser.obj
e:\opensource\live555\livemedia\livemediavs\debug\sipclient.obj
e:\opensource\live555\livemedia\livemediavs\debug\simplertpsource.obj
e:\opensource\live555\livemedia\livemediavs\debug\simplertpsink.obj
e:\opensource\live555\livemedia\livemediavs\debug\servermediasession.obj
e:\opensource\live555\livemedia\livemediavs\debug\rtspserversupportinghttpstreaming.obj
e:\opensource\live555\livemedia\livemediavs\debug\rtspserverregister.obj
e:\opensource\live555\livemedia\livemediavs\debug\rtspserver.obj
e:\opensource\live555\livemedia\livemediavs\debug\rtspregistersender.obj
e:\opensource\live555\livemedia\livemediavs\debug\rtspcommon.obj
e:\opensource\live555\livemedia\livemediavs\debug\rtspclient.obj
e:\opensource\live555\livemedia\livemediavs\debug\rtpsource.obj
e:\opensource\live555\livemedia\livemediavs\debug\wavaudiofilesource.obj
e:\opensource\live555\livemedia\livemediavs\debug\wavaudiofileservermediasubsession.obj
e:\opensource\live555\livemedia\livemediavs\debug\vp9videortpsource.obj
e:\opensource\live555\livemedia\livemediavs\debug\vp9videortpsink.obj
e:\opensource\live555\livemedia\livemediavs\debug\vp8videortpsource.obj
e:\opensource\live555\livemedia\livemediavs\debug\vp8videortpsink.obj
e:\opensource\live555\livemedia\livemediavs\debug\vorbisaudiortpsource.obj
e:\opensource\live555\livemedia\livemediavs\debug\vorbisaudiortpsink.obj
e:\opensource\live555\livemedia\livemediavs\debug\rtcp_from_spec.obj
e:\opensource\live555\live555vs\debug\livemediavs.lib
e:\opensource\live555\live555vs\debug\livemediavs.pdb
e:\opensource\live555\livemedia\livemediavs\debug\livemediavs.tlog\cl.command.1.tlog
e:\opensource\live555\livemedia\livemediavs\debug\livemediavs.tlog\cl.read.1.tlog
e:\opensource\live555\livemedia\livemediavs\debug\livemediavs.tlog\cl.write.1.tlog
e:\opensource\live555\livemedia\livemediavs\debug\livemediavs.tlog\lib-link.read.1.tlog
e:\opensource\live555\livemedia\livemediavs\debug\livemediavs.tlog\lib-link.write.1.tlog
e:\opensource\live555\livemedia\livemediavs\debug\livemediavs.tlog\lib.command.1.tlog
