  AC3AudioFileServerMediaSubsession.cpp
  AC3AudioRTPSink.cpp
  AC3AudioRTPSource.cpp
  AC3AudioStreamFramer.cpp
  ADTSAudioFileServerMediaSubsession.cpp
  ADTSAudioFileSource.cpp
  AMRAudioFileServerMediaSubsession.cpp
  AMRAudioFileSink.cpp
  AMRAudioFileSource.cpp
  AMRAudioRTPSink.cpp
  AMRAudioRTPSource.cpp
  AMRAudioSource.cpp
  AudioInputDevice.cpp
  AudioRTPSink.cpp
  AVIFileSink.cpp
  Base64.cpp
  BasicUDPSink.cpp
  BasicUDPSource.cpp
  BitVector.cpp
  ByteStreamFileSource.cpp
  正在生成代码...
  正在编译...
  ByteStreamMemoryBufferSource.cpp
  ByteStreamMultiFileSource.cpp
  DeviceSource.cpp
  DigestAuthentication.cpp
  DVVideoFileServerMediaSubsession.cpp
  DVVideoRTPSink.cpp
  DVVideoRTPSource.cpp
  DVVideoStreamFramer.cpp
  EBMLNumber.cpp
  FileServerMediaSubsession.cpp
  FileSink.cpp
  FramedFileSource.cpp
  FramedFilter.cpp
  FramedSource.cpp
  GenericMediaServer.cpp
  GSMAudioRTPSink.cpp
  H261VideoRTPSource.cpp
  H263plusVideoFileServerMediaSubsession.cpp
  H263plusVideoRTPSink.cpp
  H263plusVideoRTPSource.cpp
  正在生成代码...
  正在编译...
  H263plusVideoStreamFramer.cpp
  H263plusVideoStreamParser.cpp
  H264or5VideoFileSink.cpp
  H264or5VideoRTPSink.cpp
  H264or5VideoStreamDiscreteFramer.cpp
  H264or5VideoStreamFramer.cpp
e:\opensource\live555\livemedia\h264or5videostreamframer.cpp(670): warning C4018: “<”: 有符号/无符号不匹配
  H264VideoFileServerMediaSubsession.cpp
  H264VideoFileSink.cpp
  H264VideoRTPSink.cpp
  H264VideoRTPSource.cpp
  H264VideoStreamDiscreteFramer.cpp
  H264VideoStreamFramer.cpp
  H265VideoFileServerMediaSubsession.cpp
  H265VideoFileSink.cpp
  H265VideoRTPSink.cpp
  H265VideoRTPSource.cpp
  H265VideoStreamDiscreteFramer.cpp
  H265VideoStreamFramer.cpp
  InputFile.cpp
  JPEGVideoRTPSink.cpp
  正在生成代码...
  正在编译...
  JPEGVideoRTPSource.cpp
  JPEGVideoSource.cpp
  Locale.cpp
  MatroskaDemuxedTrack.cpp
  MatroskaFile.cpp
  MatroskaFileParser.cpp
  MatroskaFileServerDemux.cpp
  MatroskaFileServerMediaSubsession.cpp
  Media.cpp
  MediaSession.cpp
  MediaSink.cpp
  MediaSource.cpp
  MP3ADU.cpp
  MP3ADUdescriptor.cpp
  MP3ADUinterleaving.cpp
  MP3ADURTPSink.cpp
  MP3ADURTPSource.cpp
  MP3ADUTranscoder.cpp
  MP3AudioFileServerMediaSubsession.cpp
  MP3AudioMatroskaFileServerMediaSubsession.cpp
  正在生成代码...
  正在编译...
  MP3FileSource.cpp
  MP3Internals.cpp
  MP3InternalsHuffman.cpp
  MP3InternalsHuffmanTable.cpp
  MP3StreamState.cpp
  MP3Transcoder.cpp
  MPEG1or2AudioRTPSink.cpp
  MPEG1or2AudioRTPSource.cpp
  MPEG1or2AudioStreamFramer.cpp
  MPEG1or2Demux.cpp
  MPEG1or2DemuxedElementaryStream.cpp
  MPEG1or2DemuxedServerMediaSubsession.cpp
  MPEG1or2FileServerDemux.cpp
  MPEG1or2VideoFileServerMediaSubsession.cpp
  MPEG1or2VideoRTPSink.cpp
  MPEG1or2VideoRTPSource.cpp
  MPEG1or2VideoStreamDiscreteFramer.cpp
  MPEG1or2VideoStreamFramer.cpp
  MPEG2IndexFromTransportStream.cpp
  MPEG2TransportFileServerMediaSubsession.cpp
  正在生成代码...
  正在编译...
  MPEG2TransportStreamAccumulator.cpp
  MPEG2TransportStreamFramer.cpp
  MPEG2TransportStreamFromESSource.cpp
  MPEG2TransportStreamFromPESSource.cpp
  MPEG2TransportStreamIndexFile.cpp
  MPEG2TransportStreamMultiplexor.cpp
  MPEG2TransportStreamTrickModeFilter.cpp
  MPEG2TransportUDPServerMediaSubsession.cpp
  MPEG4ESVideoRTPSink.cpp
  MPEG4ESVideoRTPSource.cpp
  MPEG4GenericRTPSink.cpp
  MPEG4GenericRTPSource.cpp
  MPEG4LATMAudioRTPSink.cpp
  MPEG4LATMAudioRTPSource.cpp
  MPEG4VideoFileServerMediaSubsession.cpp
  MPEG4VideoStreamDiscreteFramer.cpp
  MPEG4VideoStreamFramer.cpp
  MPEGVideoStreamFramer.cpp
  MPEGVideoStreamParser.cpp
  MultiFramedRTPSink.cpp
  正在生成代码...
  正在编译...
  MultiFramedRTPSource.cpp
  OggDemuxedTrack.cpp
  OggFile.cpp
  OggFileParser.cpp
  OggFileServerDemux.cpp
  OggFileServerMediaSubsession.cpp
  OggFileSink.cpp
e:\opensource\live555\livemedia\oggfilesink.cpp(228): warning C4334: “<<”: 32 位移位的结果被隐式转换为 64 位(是否希望进行 64 位移位?)
  OnDemandServerMediaSubsession.cpp
  ourMD5.cpp
  OutputFile.cpp
  PassiveServerMediaSubsession.cpp
  ProxyServerMediaSession.cpp
  QCELPAudioRTPSource.cpp
  QuickTimeFileSink.cpp
  QuickTimeGenericRTPSource.cpp
  RawVideoRTPSink.cpp
  RawVideoRTPSource.cpp
  RTCP.cpp
  RTPInterface.cpp
  RTPSink.cpp
  正在生成代码...
  正在编译...
  RTPSource.cpp
  RTSPClient.cpp
  RTSPCommon.cpp
  RTSPRegisterSender.cpp
  RTSPServer.cpp
  RTSPServerRegister.cpp
  RTSPServerSupportingHTTPStreaming.cpp
  ServerMediaSession.cpp
  SimpleRTPSink.cpp
  SimpleRTPSource.cpp
  SIPClient.cpp
  StreamParser.cpp
  StreamReplicator.cpp
  T140TextRTPSink.cpp
  TCPStreamSink.cpp
  TextRTPSink.cpp
  TheoraVideoRTPSink.cpp
  TheoraVideoRTPSource.cpp
  uLawAudioFilter.cpp
  VideoRTPSink.cpp
  正在生成代码...
  正在编译...
  VorbisAudioRTPSink.cpp
  VorbisAudioRTPSource.cpp
  VP8VideoRTPSink.cpp
  VP8VideoRTPSource.cpp
  VP9VideoRTPSink.cpp
  VP9VideoRTPSource.cpp
  WAVAudioFileServerMediaSubsession.cpp
  WAVAudioFileSource.cpp
  正在生成代码...
  rtcp_from_spec.c
kernel32.lib(KERNEL32.dll) : warning LNK4006: __NULL_IMPORT_DESCRIPTOR 已在 ws2_32.lib(WS2_32.dll) 中定义；已忽略第二个定义
kernel32.lib(KERNEL32.dll) : warning LNK4221: 此对象文件未定义任何之前未定义的公共符号，因此任何耗用此库的链接操作都不会使用此文件
advapi32.lib(ADVAPI32.dll) : warning LNK4006: __NULL_IMPORT_DESCRIPTOR 已在 ws2_32.lib(WS2_32.dll) 中定义；已忽略第二个定义
advapi32.lib(ADVAPI32.dll) : warning LNK4221: 此对象文件未定义任何之前未定义的公共符号，因此任何耗用此库的链接操作都不会使用此文件
shell32.lib(SHELL32.dll) : warning LNK4006: __NULL_IMPORT_DESCRIPTOR 已在 ws2_32.lib(WS2_32.dll) 中定义；已忽略第二个定义
shell32.lib(SHELL32.dll) : warning LNK4221: 此对象文件未定义任何之前未定义的公共符号，因此任何耗用此库的链接操作都不会使用此文件
winmm.lib(WINMM.dll) : warning LNK4006: __NULL_IMPORT_DESCRIPTOR 已在 ws2_32.lib(WS2_32.dll) 中定义；已忽略第二个定义
winmm.lib(WINMM.dll) : warning LNK4221: 此对象文件未定义任何之前未定义的公共符号，因此任何耗用此库的链接操作都不会使用此文件
  liveMediaVs.vcxproj -> E:\OpenSource\live555\live555vs\Debug\liveMediaVs.lib
